Temperature Sensor Log - Started 2024-11-24 18:58:52
=================================================

Timestamp: 2024-11-24 05:58:52.904
Temperature: 22.81°C
Smoothed Average: 22.81°C
Valid: True
-------------------
Timestamp: 2024-11-24 05:58:58.910
Temperature: 22.94°C
Smoothed Average: 22.90°C
Valid: True
-------------------
Timestamp: 2024-11-24 05:59:04.916
Temperature: 22.92°C
Smoothed Average: 22.91°C
Valid: True
-------------------
Timestamp: 2024-11-24 05:59:10.907
Temperature: 22.90°C
Smoothed Average: 22.90°C
Valid: True
-------------------
Timestamp: 2024-11-24 05:59:16.906
Temperature: 23.09°C
Smoothed Average: 22.97°C
Valid: True
-------------------

New Session Started - 2024-11-26 17:22:19
=================================================

Timestamp: 2024-11-26 04:22:19.376
Temperature: 22.81°C
Smoothed Average: 22.81°C
Valid: True
-------------------
Timestamp: 2024-11-26 04:22:25.388
Temperature: 22.62°C
Smoothed Average: 22.68°C
Valid: True
-------------------
Timestamp: 2024-11-26 04:22:31.373
Temperature: 22.54°C
Smoothed Average: 22.61°C
Valid: True
-------------------
Timestamp: 2024-11-26 04:22:37.371
Temperature: 22.55°C
Smoothed Average: 22.59°C
Valid: True
-------------------

New Session Started - 2024-11-26 17:32:18
=================================================

Timestamp: 2024-11-26 04:32:18.237
Temperature: 22.87°C
Smoothed Average: 22.87°C
Valid: True
-------------------

New Session Started - 2024-11-26 17:38:03
=================================================

Timestamp: 2024-11-26 04:38:03.622
Temperature: 22.95°C
Smoothed Average: 22.95°C
Valid: True
-------------------
Timestamp: 2024-11-26 04:38:09.627
Temperature: 22.76°C
Smoothed Average: 22.82°C
Valid: True
-------------------
Timestamp: 2024-11-26 04:38:15.624
Temperature: 22.62°C
Smoothed Average: 22.72°C
Valid: True
-------------------
Timestamp: 2024-11-26 04:38:21.618
Temperature: 22.46°C
Smoothed Average: 22.62°C
Valid: True
-------------------
Timestamp: 2024-11-26 04:38:27.624
Temperature: 22.27°C
Smoothed Average: 22.50°C
Valid: False
-------------------
Timestamp: 2024-11-26 04:38:33.622
Temperature: 22.36°C
Smoothed Average: 22.42°C
Valid: True
-------------------
Timestamp: 2024-11-26 04:38:39.612
Temperature: 22.47°C
Smoothed Average: 22.41°C
Valid: True
-------------------
Timestamp: 2024-11-26 04:38:45.611
Temperature: 22.62°C
Smoothed Average: 22.47°C
Valid: True
-------------------
Timestamp: 2024-11-26 04:38:51.624
Temperature: 22.50°C
Smoothed Average: 22.49°C
Valid: True
-------------------
Timestamp: 2024-11-26 04:38:57.609
Temperature: 22.48°C
Smoothed Average: 22.50°C
Valid: True
-------------------
Timestamp: 2024-11-26 04:39:03.622
Temperature: 22.41°C
Smoothed Average: 22.48°C
Valid: True
-------------------
Timestamp: 2024-11-26 04:39:09.621
Temperature: 22.53°C
Smoothed Average: 22.49°C
Valid: True
-------------------
Timestamp: 2024-11-26 04:39:15.606
Temperature: 22.49°C
Smoothed Average: 22.48°C
Valid: True
-------------------
Timestamp: 2024-11-26 04:39:21.611
Temperature: 22.32°C
Smoothed Average: 22.43°C
Valid: True
-------------------
Timestamp: 2024-11-26 04:39:27.613
Temperature: 22.26°C
Smoothed Average: 22.37°C
Valid: True
-------------------
Timestamp: 2024-11-26 04:39:33.606
Temperature: 22.39°C
Smoothed Average: 22.36°C
Valid: True
-------------------
Timestamp: 2024-11-26 04:39:39.610
Temperature: 22.32°C
Smoothed Average: 22.34°C
Valid: True
-------------------
Timestamp: 2024-11-26 04:39:45.611
Temperature: 22.14°C
Smoothed Average: 22.27°C
Valid: True
-------------------

New Session Started - 2024-11-26 17:40:18
=================================================

Timestamp: 2024-11-26 04:40:18.642
Temperature: 22.91°C
Smoothed Average: 22.91°C
Valid: True
-------------------
Timestamp: 2024-11-26 04:40:24.642
Temperature: 23.11°C
Smoothed Average: 23.04°C
Valid: True
-------------------
Timestamp: 2024-11-26 04:40:30.652
Temperature: 23.07°C
Smoothed Average: 23.06°C
Valid: True
-------------------
Timestamp: 2024-11-26 04:40:36.649
Temperature: 22.91°C
Smoothed Average: 23.00°C
Valid: True
-------------------
Timestamp: 2024-11-26 04:40:42.640
Temperature: 22.82°C
Smoothed Average: 22.94°C
Valid: True
-------------------
Timestamp: 2024-11-26 04:40:48.642
Temperature: 22.74°C
Smoothed Average: 22.86°C
Valid: True
-------------------
Timestamp: 2024-11-26 04:40:54.636
Temperature: 22.77°C
Smoothed Average: 22.81°C
Valid: True
-------------------

New Session Started - 2024-11-26 17:41:14
=================================================

Timestamp: 2024-11-26 04:41:14.924
Temperature: 22.97°C
Smoothed Average: 22.97°C
Valid: True
-------------------
Timestamp: 2024-11-26 04:41:20.922
Temperature: 24.00°C
Smoothed Average: 23.66°C
Valid: False
-------------------
Timestamp: 2024-11-26 04:41:26.928
Temperature: 27.34°C
Smoothed Average: 25.50°C
Valid: False
-------------------
Timestamp: 2024-11-26 04:41:32.929
Temperature: 27.34°C
Smoothed Average: 26.24°C
Valid: False
-------------------
Timestamp: 2024-11-26 04:41:38.931
Temperature: 24.00°C
Smoothed Average: 25.49°C
Valid: False
-------------------
